# JRE version: OpenJDK Runtime Environment Temurin-21.0.10+7 (21.0.10+7) (build 21.0.10+7-LTS)
# Java VM: OpenJDK 64-Bit Server VM Temurin-21.0.10+7 (21.0.10+7-LTS, mixed mode, sharing, tiered, compressed oops, compressed class ptrs, g1 gc, windows-amd64)
GC Precious Log:
 CardTable entry size: 512
 Card Set container configuration: InlinePtr #cards 4 size 8 Array Of Cards #cards 32 size 80 Howl #buckets 8 coarsen threshold 7372 Howl Bitmap #cards 1024 size 144 coarsen threshold 921 Card regions per heap region 1 cards per card region 8192
 CPUs: 2 total, 2 available
 Memory: 3919M
 Large Page Support: Disabled
 NUMA Support: Disabled
 Compressed Oops: Enabled (Zero based)
 Heap Region Size: 4M
 Heap Min Capacity: 8M
 Heap Initial Capacity: 64M
 Heap Max Capacity: 8G
 Pre-touch: Disabled
 Parallel Workers: 2
 Concurrent Workers: 1
 Concurrent Refinement Workers: 2
 Periodic GC: Disabled
Heap:
 garbage-first heap   total 1286144K, used 226003K [0x0000000600000000, 0x0000000800000000)
  region size 4096K, 8 young (32768K), 1 survivors (4096K)
 Metaspace       used 128550K, committed 131072K, reserved 1179648K
  class space    used 17743K, committed 18944K, reserved 1048576K
GC Heap History (20 events):
Event: 1095.050 GC heap before
{Heap before GC invocations=89 (full 0):
 garbage-first heap   total 602112K, used 527942K [0x0000000600000000, 0x0000000800000000)
  region size 4096K, 88 young (360448K), 1 survivors (4096K)
 Metaspace       used 128487K, committed 131008K, reserved 1179648K
  class space    used 17739K, committed 18944K, reserved 1048576K
}
Event: 1097.218 GC heap after
{Heap after GC invocations=90 (full 0):
 garbage-first heap   total 602112K, used 195185K [0x0000000600000000, 0x0000000800000000)
  region size 4096K, 6 young (24576K), 6 survivors (24576K)
 Metaspace       used 128487K, committed 131008K, reserved 1179648K
  class space    used 17739K, committed 18944K, reserved 1048576K
}
Event: 1097.719 GC heap before
{Heap before GC invocations=90 (full 0):
 garbage-first heap   total 602112K, used 199281K [0x0000000600000000, 0x0000000800000000)
  region size 4096K, 7 young (28672K), 6 survivors (24576K)
 Metaspace       used 128487K, committed 131008K, reserved 1179648K
  class space    used 17739K, committed 18944K, reserved 1048576K
}
Event: 1099.166 GC heap after
{Heap after GC invocations=91 (full 0):
 garbage-first heap   total 983040K, used 196254K [0x0000000600000000, 0x0000000800000000)
  region size 4096K, 1 young (4096K), 1 survivors (4096K)
 Metaspace       used 128487K, committed 131008K, reserved 1179648K
  class space    used 17739K, committed 18944K, reserved 1048576K
}
Event: 1102.469 GC heap before
{Heap before GC invocations=91 (full 0):
 garbage-first heap   total 983040K, used 269982K [0x0000000600000000, 0x0000000800000000)
  region size 4096K, 20 young (81920K), 1 survivors (4096K)
 Metaspace       used 128487K, committed 131008K, reserved 1179648K
  class space    used 17739K, committed 18944K, reserved 1048576K
}
Event: 1102.493 GC heap after
{Heap after GC invocations=92 (full 0):
 garbage-first heap   total 983040K, used 198225K [0x0000000600000000, 0x0000000800000000)
  region size 4096K, 1 young (4096K), 1 survivors (4096K)
 Metaspace       used 128487K, committed 131008K, reserved 1179648K
  class space    used 17739K, committed 18944K, reserved 1048576K
}
Event: 1150.252 GC heap before
{Heap before GC invocations=93 (full 0):
 garbage-first heap   total 671744K, used 222801K [0x0000000600000000, 0x0000000800000000)
  region size 4096K, 8 young (32768K), 1 survivors (4096K)
 Metaspace       used 128532K, committed 131008K, reserved 1179648K
  class space    used 17742K, committed 18944K, reserved 1048576K
}
Event: 1154.941 GC heap after
{Heap after GC invocations=94 (full 0):
 garbage-first heap   total 671744K, used 197459K [0x0000000600000000, 0x0000000800000000)
  region size 4096K, 1 young (4096K), 1 survivors (4096K)
 Metaspace       used 128532K, committed 131008K, reserved 1179648K
  class space    used 17742K, committed 18944K, reserved 1048576K
}
Event: 1191.783 GC heap before
{Heap before GC invocations=94 (full 0):
 garbage-first heap   total 671744K, used 222035K [0x0000000600000000, 0x0000000800000000)
  region size 4096K, 8 young (32768K), 1 survivors (4096K)
 Metaspace       used 128538K, committed 131008K, reserved 1179648K
  class space    used 17742K, committed 18944K, reserved 1048576K
}
Event: 1191.971 GC heap after
{Heap after GC invocations=95 (full 0):
 garbage-first heap   total 671744K, used 198255K [0x0000000600000000, 0x0000000800000000)
  region size 4096K, 1 young (4096K), 1 survivors (4096K)
 Metaspace       used 128538K, committed 131008K, reserved 1179648K
  class space    used 17742K, committed 18944K, reserved 1048576K
}
Event: 1196.957 GC heap before
{Heap before GC invocations=95 (full 0):
 garbage-first heap   total 671744K, used 226927K [0x0000000600000000, 0x0000000800000000)
  region size 4096K, 8 young (32768K), 1 survivors (4096K)
 Metaspace       used 128549K, committed 131072K, reserved 1179648K
  class space    used 17743K, committed 18944K, reserved 1048576K
}
Event: 1197.023 GC heap after
{Heap after GC invocations=96 (full 0):
 garbage-first heap   total 671744K, used 197965K [0x0000000600000000, 0x0000000800000000)
  region size 4096K, 1 young (4096K), 1 survivors (4096K)
 Metaspace       used 128549K, committed 131072K, reserved 1179648K
  class space    used 17743K, committed 18944K, reserved 1048576K
}
Event: 1197.354 GC heap before
{Heap before GC invocations=96 (full 0):
 garbage-first heap   total 671744K, used 226637K [0x0000000600000000, 0x0000000800000000)
  region size 4096K, 8 young (32768K), 1 survivors (4096K)
 Metaspace       used 128549K, committed 131072K, reserved 1179648K
  class space    used 17743K, committed 18944K, reserved 1048576K
}
Event: 1197.358 GC heap after
{Heap after GC invocations=97 (full 0):
 garbage-first heap   total 671744K, used 197601K [0x0000000600000000, 0x0000000800000000)
  region size 4096K, 1 young (4096K), 1 survivors (4096K)
 Metaspace       used 128549K, committed 131072K, reserved 1179648K
  class space    used 17743K, committed 18944K, reserved 1048576K
}
Event: 1197.973 GC heap before
{Heap before GC invocations=97 (full 0):
 garbage-first heap   total 671744K, used 222177K [0x0000000600000000, 0x0000000800000000)
  region size 4096K, 8 young (32768K), 1 survivors (4096K)
 Metaspace       used 128549K, committed 131072K, reserved 1179648K
  class space    used 17743K, committed 18944K, reserved 1048576K
}
Event: 1197.980 GC heap after
{Heap after GC invocations=98 (full 0):
 garbage-first heap   total 671744K, used 197720K [0x0000000600000000, 0x0000000800000000)
  region size 4096K, 1 young (4096K), 1 survivors (4096K)
 Metaspace       used 128549K, committed 131072K, reserved 1179648K
  class space    used 17743K, committed 18944K, reserved 1048576K
}
Event: 1198.505 GC heap before
{Heap before GC invocations=98 (full 0):
 garbage-first heap   total 671744K, used 226392K [0x0000000600000000, 0x0000000800000000)
  region size 4096K, 8 young (32768K), 1 survivors (4096K)
 Metaspace       used 128549K, committed 131072K, reserved 1179648K
  class space    used 17743K, committed 18944K, reserved 1048576K
}
Event: 1198.526 GC heap after
{Heap after GC invocations=99 (full 0):
 garbage-first heap   total 671744K, used 197973K [0x0000000600000000, 0x0000000800000000)
  region size 4096K, 1 young (4096K), 1 survivors (4096K)
 Metaspace       used 128549K, committed 131072K, reserved 1179648K
  class space    used 17743K, committed 18944K, reserved 1048576K
}
Event: 1202.137 GC heap before
{Heap before GC invocations=99 (full 0):
 garbage-first heap   total 671744K, used 226645K [0x0000000600000000, 0x0000000800000000)
  region size 4096K, 8 young (32768K), 1 survivors (4096K)
 Metaspace       used 128550K, committed 131072K, reserved 1179648K
  class space    used 17743K, committed 18944K, reserved 1048576K
}
Event: 1202.296 GC heap after
{Heap after GC invocations=100 (full 0):
 garbage-first heap   total 1286144K, used 201427K [0x0000000600000000, 0x0000000800000000)
  region size 4096K, 1 young (4096K), 1 survivors (4096K)
 Metaspace       used 128550K, committed 131072K, reserved 1179648K
  class space    used 17743K, committed 18944K, reserved 1048576K
}

