# JRE version: Java(TM) SE Runtime Environment (24.0.2+12) (build 24.0.2+12-54)
# Java VM: Java HotSpot(TM) 64-Bit Server VM (24.0.2+12-54, mixed mode, sharing, tiered, compressed oops, compressed class ptrs, g1 gc, windows-amd64)
GC Precious Log:
 CardTable entry size: 512
 Card Set container configuration: InlinePtr #cards 4 size 8 Array Of Cards #cards 32 size 80 Howl #buckets 8 coarsen threshold 7372 Howl Bitmap #cards 1024 size 144 coarsen threshold 921 Card regions per heap region 1 cards per card region 8192
 CPUs: 2 total, 2 available
 Memory: 3919M
 Large Page Support: Disabled
 NUMA Support: Disabled
 Compressed Oops: Enabled (Zero based)
 Heap Region Size: 4M
 Heap Min Capacity: 8M
 Heap Initial Capacity: 64M
 Heap Max Capacity: 8G
 Pre-touch: Disabled
 Parallel Workers: 2
 Concurrent Workers: 1
 Concurrent Refinement Workers: 2
 Periodic GC: Disabled
Heap:
 garbage-first heap   total reserved 8388608K, committed 233472K, used 155927K [0x0000000600000000, 0x0000000800000000)
  region size 4096K, 11 young (45056K), 1 survivors (4096K)
 Metaspace       used 105457K, committed 107776K, reserved 1179648K
  class space    used 11799K, committed 12928K, reserved 1048576K
GC Heap History (20 events):
Event: 182.600 GC heap before
{Heap before GC invocations=54 (full 0):
 garbage-first heap   total reserved 8388608K, committed 147456K, used 127800K [0x0000000600000000, 0x0000000800000000)
  region size 4096K, 7 young (28672K), 1 survivors (4096K)
 Metaspace       used 81873K, committed 84096K, reserved 1179648K
  class space    used 9291K, committed 10304K, reserved 1048576K
}
Event: 182.609 GC heap after
{Heap after GC invocations=55 (full 0):
 garbage-first heap   total reserved 8388608K, committed 147456K, used 103613K [0x0000000600000000, 0x0000000800000000)
  region size 4096K, 1 young (4096K), 1 survivors (4096K)
 Metaspace       used 81873K, committed 84096K, reserved 1179648K
  class space    used 9291K, committed 10304K, reserved 1048576K
}
Event: 187.069 GC heap before
{Heap before GC invocations=56 (full 0):
 garbage-first heap   total reserved 8388608K, committed 180224K, used 128189K [0x0000000600000000, 0x0000000800000000)
  region size 4096K, 7 young (28672K), 1 survivors (4096K)
 Metaspace       used 84290K, committed 86464K, reserved 1179648K
  class space    used 9505K, committed 10496K, reserved 1048576K
}
Event: 187.081 GC heap after
{Heap after GC invocations=57 (full 0):
 garbage-first heap   total reserved 8388608K, committed 180224K, used 104797K [0x0000000600000000, 0x0000000800000000)
  region size 4096K, 1 young (4096K), 1 survivors (4096K)
 Metaspace       used 84290K, committed 86464K, reserved 1179648K
  class space    used 9505K, committed 10496K, reserved 1048576K
}
Event: 191.557 GC heap before
{Heap before GC invocations=57 (full 0):
 garbage-first heap   total reserved 8388608K, committed 180224K, used 149853K [0x0000000600000000, 0x0000000800000000)
  region size 4096K, 13 young (53248K), 1 survivors (4096K)
 Metaspace       used 86604K, committed 88832K, reserved 1179648K
  class space    used 9678K, committed 10752K, reserved 1048576K
}
Event: 191.587 GC heap after
{Heap after GC invocations=58 (full 0):
 garbage-first heap   total reserved 8388608K, committed 180224K, used 109566K [0x0000000600000000, 0x0000000800000000)
  region size 4096K, 2 young (8192K), 2 survivors (8192K)
 Metaspace       used 86604K, committed 88832K, reserved 1179648K
  class space    used 9678K, committed 10752K, reserved 1048576K
}
Event: 204.023 GC heap before
{Heap before GC invocations=58 (full 0):
 garbage-first heap   total reserved 8388608K, committed 180224K, used 154622K [0x0000000600000000, 0x0000000800000000)
  region size 4096K, 13 young (53248K), 2 survivors (8192K)
 Metaspace       used 89843K, committed 92096K, reserved 1179648K
  class space    used 10036K, committed 11072K, reserved 1048576K
}
Event: 204.063 GC heap after
{Heap after GC invocations=59 (full 0):
 garbage-first heap   total reserved 8388608K, committed 180224K, used 111291K [0x0000000600000000, 0x0000000800000000)
  region size 4096K, 1 young (4096K), 1 survivors (4096K)
 Metaspace       used 89843K, committed 92096K, reserved 1179648K
  class space    used 10036K, committed 11072K, reserved 1048576K
}
Event: 240.999 GC heap before
{Heap before GC invocations=59 (full 0):
 garbage-first heap   total reserved 8388608K, committed 180224K, used 156347K [0x0000000600000000, 0x0000000800000000)
  region size 4096K, 12 young (49152K), 1 survivors (4096K)
 Metaspace       used 93209K, committed 95488K, reserved 1179648K
  class space    used 10415K, committed 11456K, reserved 1048576K
}
Event: 241.792 GC heap after
{Heap after GC invocations=60 (full 0):
 garbage-first heap   total reserved 8388608K, committed 180224K, used 112947K [0x0000000600000000, 0x0000000800000000)
  region size 4096K, 1 young (4096K), 1 survivors (4096K)
 Metaspace       used 93209K, committed 95488K, reserved 1179648K
  class space    used 10415K, committed 11456K, reserved 1048576K
}
Event: 248.065 GC heap before
{Heap before GC invocations=61 (full 0):
 garbage-first heap   total reserved 8388608K, committed 192512K, used 117043K [0x0000000600000000, 0x0000000800000000)
  region size 4096K, 2 young (8192K), 1 survivors (4096K)
 Metaspace       used 93304K, committed 95616K, reserved 1179648K
  class space    used 10426K, committed 11520K, reserved 1048576K
}
Event: 248.106 GC heap after
{Heap after GC invocations=62 (full 0):
 garbage-first heap   total reserved 8388608K, committed 192512K, used 113218K [0x0000000600000000, 0x0000000800000000)
  region size 4096K, 1 young (4096K), 1 survivors (4096K)
 Metaspace       used 93304K, committed 95616K, reserved 1179648K
  class space    used 10426K, committed 11520K, reserved 1048576K
}
Event: 264.444 GC heap before
{Heap before GC invocations=62 (full 0):
 garbage-first heap   total reserved 8388608K, committed 192512K, used 166466K [0x0000000600000000, 0x0000000800000000)
  region size 4096K, 15 young (61440K), 1 survivors (4096K)
 Metaspace       used 95772K, committed 98048K, reserved 1179648K
  class space    used 10676K, committed 11776K, reserved 1048576K
}
Event: 264.642 GC heap after
{Heap after GC invocations=63 (full 0):
 garbage-first heap   total reserved 8388608K, committed 233472K, used 115885K [0x0000000600000000, 0x0000000800000000)
  region size 4096K, 2 young (8192K), 2 survivors (8192K)
 Metaspace       used 95772K, committed 98048K, reserved 1179648K
  class space    used 10676K, committed 11776K, reserved 1048576K
}
Event: 266.750 GC heap before
{Heap before GC invocations=63 (full 0):
 garbage-first heap   total reserved 8388608K, committed 233472K, used 119981K [0x0000000600000000, 0x0000000800000000)
  region size 4096K, 3 young (12288K), 2 survivors (8192K)
 Metaspace       used 96038K, committed 98304K, reserved 1179648K
  class space    used 10722K, committed 11776K, reserved 1048576K
}
Event: 266.782 GC heap after
{Heap after GC invocations=64 (full 0):
 garbage-first heap   total reserved 8388608K, committed 233472K, used 116343K [0x0000000600000000, 0x0000000800000000)
  region size 4096K, 1 young (4096K), 1 survivors (4096K)
 Metaspace       used 96038K, committed 98304K, reserved 1179648K
  class space    used 10722K, committed 11776K, reserved 1048576K
}
Event: 275.079 GC heap before
{Heap before GC invocations=64 (full 0):
 garbage-first heap   total reserved 8388608K, committed 233472K, used 161399K [0x0000000600000000, 0x0000000800000000)
  region size 4096K, 13 young (53248K), 1 survivors (4096K)
 Metaspace       used 99612K, committed 101824K, reserved 1179648K
  class space    used 11160K, committed 12224K, reserved 1048576K
}
Event: 275.094 GC heap after
{Heap after GC invocations=65 (full 0):
 garbage-first heap   total reserved 8388608K, committed 233472K, used 117059K [0x0000000600000000, 0x0000000800000000)
  region size 4096K, 1 young (4096K), 1 survivors (4096K)
 Metaspace       used 99612K, committed 101824K, reserved 1179648K
  class space    used 11160K, committed 12224K, reserved 1048576K
}
Event: 286.123 GC heap before
{Heap before GC invocations=65 (full 0):
 garbage-first heap   total reserved 8388608K, committed 233472K, used 170307K [0x0000000600000000, 0x0000000800000000)
  region size 4096K, 14 young (57344K), 1 survivors (4096K)
 Metaspace       used 103348K, committed 105664K, reserved 1179648K
  class space    used 11580K, committed 12672K, reserved 1048576K
}
Event: 286.161 GC heap after
{Heap after GC invocations=66 (full 0):
 garbage-first heap   total reserved 8388608K, committed 233472K, used 119063K [0x0000000600000000, 0x0000000800000000)
  region size 4096K, 1 young (4096K), 1 survivors (4096K)
 Metaspace       used 103348K, committed 105664K, reserved 1179648K
  class space    used 11580K, committed 12672K, reserved 1048576K
}

